#-----------------------------------------------------------
# Vivado v2020.2 (64-bit)
# SW Build 3064766 on Wed Nov 18 09:12:47 MST 2020
# IP Build 3064653 on Wed Nov 18 14:17:31 MST 2020
# Start of session at: Thu Jun 16 09:21:46 2022
# Process ID: 10204
# Current directory: /home/ljudkriget/Projects/ljud_kriget/scripts
# Command line: vivado
# Log file: /home/ljudkriget/Projects/ljud_kriget/scripts/vivado.log
# Journal file: /home/ljudkriget/Projects/ljud_kriget/scripts/vivado.jou
#-----------------------------------------------------------
start_gui
open_project /home/ljudkriget/Projects/led_switch/led_switch.xpr
Scanning sources...
Finished scanning sources
INFO: [IP_Flow 19-234] Refreshing IP repositories
INFO: [IP_Flow 19-1704] No user IP repositories specified
INFO: [IP_Flow 19-2313] Loaded Vivado IP repository '/tools/Xilinx/Vivado/2020.2/data/ip'.
INFO: [IP_Flow 19-3899] Cannot get the environment domain name variable for the component vendor name. Setting the vendor name to 'user.org'.
update_compile_order -fileset sources_1
open_bd_design {/home/ljudkriget/Projects/led_switch/led_switch.srcs/sources_1/bd/design_1/design_1.bd}
Reading block design file </home/ljudkriget/Projects/led_switch/led_switch.srcs/sources_1/bd/design_1/design_1.bd>...
Successfully read diagram <design_1> from block design file </home/ljudkriget/Projects/led_switch/led_switch.srcs/sources_1/bd/design_1/design_1.bd>
startgroup
create_bd_cell -type ip -vlnv xilinx.com:ip:gig_ethernet_pcs_pma:16.2 gig_ethernet_pcs_pma_0
INFO: [xilinx.com:ip:gig_ethernet_pcs_pma:16.2-98989] design_1_gig_ethernet_pcs_pma_0_0: ARCHITECTURE : zynq
INFO: [xilinx.com:ip:gig_ethernet_pcs_pma:16.2-98989] design_1_gig_ethernet_pcs_pma_0_0: PART : xc7z020clg400-1
INFO: [xilinx.com:ip:gig_ethernet_pcs_pma:16.2-98989] design_1_gig_ethernet_pcs_pma_0_0: SPEEDGRADE : -1
INFO: [xilinx.com:ip:gig_ethernet_pcs_pma:16.2-98989] design_1_gig_ethernet_pcs_pma_0_0: Standard : SGMII
endgroup
set_property location {1 222 -20} [get_bd_cells gig_ethernet_pcs_pma_0]
